<?xml version="1.0" encoding="UTF-8"?>
<testsuite xmlns:xsi="http://www.w3.org/2001/XMLSchema-instance" xsi:noNamespaceSchemaLocation="https://maven.apache.org/surefire/maven-surefire-plugin/xsd/surefire-test-report.xsd" name="com.fisk.auth.test.JwtTest" time="16.606" tests="1" errors="0" skipped="0" failures="0">
  <properties>
    <property name="sun.desktop" value="windows"/>
    <property name="awt.toolkit" value="sun.awt.windows.WToolkit"/>
    <property name="file.encoding.pkg" value="sun.io"/>
    <property name="java.specification.version" value="1.8"/>
    <property name="sun.cpu.isalist" value="amd64"/>
    <property name="sun.jnu.encoding" value="GBK"/>
    <property name="java.class.path" value="E:\mycode\demo3\Fisk.DMP.Project\fk-auth\fk-auth-service\target\test-classes;E:\mycode\demo3\Fisk.DMP.Project\fk-auth\fk-auth-service\target\classes;D:\develop\maven\repository\org\springframework\cloud\spring-cloud-starter-netflix-eureka-client\2.1.5.RELEASE\spring-cloud-starter-netflix-eureka-client-2.1.5.RELEASE.jar;D:\develop\maven\repository\org\springframework\cloud\spring-cloud-starter\2.1.5.RELEASE\spring-cloud-starter-2.1.5.RELEASE.jar;D:\develop\maven\repository\org\springframework\cloud\spring-cloud-context\2.1.5.RELEASE\spring-cloud-context-2.1.5.RELEASE.jar;D:\develop\maven\repository\org\springframework\security\spring-security-rsa\1.0.9.RELEASE\spring-security-rsa-1.0.9.RELEASE.jar;D:\develop\maven\repository\org\bouncycastle\bcpkix-jdk15on\1.64\bcpkix-jdk15on-1.64.jar;D:\develop\maven\repository\org\bouncycastle\bcprov-jdk15on\1.64\bcprov-jdk15on-1.64.jar;D:\develop\maven\repository\org\springframework\cloud\spring-cloud-netflix-hystrix\2.1.5.RELEASE\spring-cloud-netflix-hystrix-2.1.5.RELEASE.jar;D:\develop\maven\repository\org\springframework\boot\spring-boot-starter-aop\2.1.12.RELEASE\spring-boot-starter-aop-2.1.12.RELEASE.jar;D:\develop\maven\repository\org\springframework\cloud\spring-cloud-netflix-eureka-client\2.1.5.RELEASE\spring-cloud-netflix-eureka-client-2.1.5.RELEASE.jar;D:\develop\maven\repository\com\netflix\eureka\eureka-client\1.9.13\eureka-client-1.9.13.jar;D:\develop\maven\repository\org\codehaus\jettison\jettison\1.3.7\jettison-1.3.7.jar;D:\develop\maven\repository\stax\stax-api\1.0.1\stax-api-1.0.1.jar;D:\develop\maven\repository\com\netflix\netflix-commons\netflix-eventbus\0.3.0\netflix-eventbus-0.3.0.jar;D:\develop\maven\repository\com\netflix\netflix-commons\netflix-infix\0.3.0\netflix-infix-0.3.0.jar;D:\develop\maven\repository\commons-jxpath\commons-jxpath\1.3\commons-jxpath-1.3.jar;D:\develop\maven\repository\org\antlr\antlr-runtime\3.4\antlr-runtime-3.4.jar;D:\develop\maven\repository\org\antlr\stringtemplate\3.2.1\stringtemplate-3.2.1.jar;D:\develop\maven\repository\antlr\antlr\2.7.7\antlr-2.7.7.jar;D:\develop\maven\repository\com\google\code\gson\gson\2.8.6\gson-2.8.6.jar;D:\develop\maven\repository\org\apache\commons\commons-math\2.2\commons-math-2.2.jar;D:\develop\maven\repository\com\netflix\archaius\archaius-core\0.7.6\archaius-core-0.7.6.jar;D:\develop\maven\repository\javax\ws\rs\jsr311-api\1.1.1\jsr311-api-1.1.1.jar;D:\develop\maven\repository\com\netflix\servo\servo-core\0.12.21\servo-core-0.12.21.jar;D:\develop\maven\repository\com\sun\jersey\jersey-core\1.19.1\jersey-core-1.19.1.jar;D:\develop\maven\repository\com\sun\jersey\jersey-client\1.19.1\jersey-client-1.19.1.jar;D:\develop\maven\repository\com\sun\jersey\contribs\jersey-apache-client4\1.19.1\jersey-apache-client4-1.19.1.jar;D:\develop\maven\repository\org\apache\httpcomponents\httpclient\4.5.10\httpclient-4.5.10.jar;D:\develop\maven\repository\org\apache\httpcomponents\httpcore\4.4.13\httpcore-4.4.13.jar;D:\develop\maven\repository\commons-codec\commons-codec\1.11\commons-codec-1.11.jar;D:\develop\maven\repository\com\google\inject\guice\4.1.0\guice-4.1.0.jar;D:\develop\maven\repository\javax\inject\javax.inject\1\javax.inject-1.jar;D:\develop\maven\repository\aopalliance\aopalliance\1.0\aopalliance-1.0.jar;D:\develop\maven\repository\com\fasterxml\jackson\core\jackson-annotations\2.9.10\jackson-annotations-2.9.10.jar;D:\develop\maven\repository\com\fasterxml\jackson\core\jackson-core\2.9.10\jackson-core-2.9.10.jar;D:\develop\maven\repository\com\netflix\eureka\eureka-core\1.9.13\eureka-core-1.9.13.jar;D:\develop\maven\repository\com\fasterxml\woodstox\woodstox-core\5.0.3\woodstox-core-5.0.3.jar;D:\develop\maven\repository\org\codehaus\woodstox\stax2-api\3.1.4\stax2-api-3.1.4.jar;D:\develop\maven\repository\org\springframework\cloud\spring-cloud-starter-netflix-archaius\2.1.5.RELEASE\spring-cloud-starter-netflix-archaius-2.1.5.RELEASE.jar;D:\develop\maven\repository\org\springframework\cloud\spring-cloud-netflix-ribbon\2.1.5.RELEASE\spring-cloud-netflix-ribbon-2.1.5.RELEASE.jar;D:\develop\maven\repository\org\springframework\cloud\spring-cloud-netflix-archaius\2.1.5.RELEASE\spring-cloud-netflix-archaius-2.1.5.RELEASE.jar;D:\develop\maven\repository\commons-configuration\commons-configuration\1.8\commons-configuration-1.8.jar;D:\develop\maven\repository\commons-lang\commons-lang\2.6\commons-lang-2.6.jar;D:\develop\maven\repository\org\springframework\cloud\spring-cloud-starter-netflix-ribbon\2.1.5.RELEASE\spring-cloud-starter-netflix-ribbon-2.1.5.RELEASE.jar;D:\develop\maven\repository\com\netflix\ribbon\ribbon\2.3.0\ribbon-2.3.0.jar;D:\develop\maven\repository\com\netflix\ribbon\ribbon-transport\2.3.0\ribbon-transport-2.3.0.jar;D:\develop\maven\repository\io\reactivex\rxnetty-contexts\0.4.9\rxnetty-contexts-0.4.9.jar;D:\develop\maven\repository\io\reactivex\rxnetty-servo\0.4.9\rxnetty-servo-0.4.9.jar;D:\develop\maven\repository\io\reactivex\rxnetty\0.4.9\rxnetty-0.4.9.jar;D:\develop\maven\repository\com\netflix\ribbon\ribbon-core\2.3.0\ribbon-core-2.3.0.jar;D:\develop\maven\repository\com\netflix\ribbon\ribbon-httpclient\2.3.0\ribbon-httpclient-2.3.0.jar;D:\develop\maven\repository\commons-collections\commons-collections\3.2.2\commons-collections-3.2.2.jar;D:\develop\maven\repository\com\netflix\netflix-commons\netflix-commons-util\0.3.0\netflix-commons-util-0.3.0.jar;D:\develop\maven\repository\com\netflix\ribbon\ribbon-loadbalancer\2.3.0\ribbon-loadbalancer-2.3.0.jar;D:\develop\maven\repository\com\netflix\netflix-commons\netflix-statistics\0.1.1\netflix-statistics-0.1.1.jar;D:\develop\maven\repository\io\reactivex\rxjava\1.3.8\rxjava-1.3.8.jar;D:\develop\maven\repository\com\netflix\ribbon\ribbon-eureka\2.3.0\ribbon-eureka-2.3.0.jar;D:\develop\maven\repository\com\thoughtworks\xstream\xstream\1.4.11.1\xstream-1.4.11.1.jar;D:\develop\maven\repository\xmlpull\xmlpull\1.1.3.1\xmlpull-1.1.3.1.jar;D:\develop\maven\repository\xpp3\xpp3_min\1.1.4c\xpp3_min-1.1.4c.jar;D:\develop\maven\repository\org\springframework\boot\spring-boot-starter-web\2.1.12.RELEASE\spring-boot-starter-web-2.1.12.RELEASE.jar;D:\develop\maven\repository\org\springframework\boot\spring-boot-starter\2.1.12.RELEASE\spring-boot-starter-2.1.12.RELEASE.jar;D:\develop\maven\repository\org\springframework\boot\spring-boot\2.1.12.RELEASE\spring-boot-2.1.12.RELEASE.jar;D:\develop\maven\repository\javax\annotation\javax.annotation-api\1.3.2\javax.annotation-api-1.3.2.jar;D:\develop\maven\repository\org\yaml\snakeyaml\1.23\snakeyaml-1.23.jar;D:\develop\maven\repository\org\springframework\boot\spring-boot-starter-json\2.1.12.RELEASE\spring-boot-starter-json-2.1.12.RELEASE.jar;D:\develop\maven\repository\com\fasterxml\jackson\datatype\jackson-datatype-jdk8\2.9.10\jackson-datatype-jdk8-2.9.10.jar;D:\develop\maven\repository\com\fasterxml\jackson\datatype\jackson-datatype-jsr310\2.9.10\jackson-datatype-jsr310-2.9.10.jar;D:\develop\maven\repository\com\fasterxml\jackson\module\jackson-module-parameter-names\2.9.10\jackson-module-parameter-names-2.9.10.jar;D:\develop\maven\repository\org\springframework\boot\spring-boot-starter-tomcat\2.1.12.RELEASE\spring-boot-starter-tomcat-2.1.12.RELEASE.jar;D:\develop\maven\repository\org\apache\tomcat\embed\tomcat-embed-core\9.0.30\tomcat-embed-core-9.0.30.jar;D:\develop\maven\repository\org\apache\tomcat\embed\tomcat-embed-el\9.0.30\tomcat-embed-el-9.0.30.jar;D:\develop\maven\repository\org\apache\tomcat\embed\tomcat-embed-websocket\9.0.30\tomcat-embed-websocket-9.0.30.jar;D:\develop\maven\repository\org\hibernate\validator\hibernate-validator\6.0.18.Final\hibernate-validator-6.0.18.Final.jar;D:\develop\maven\repository\javax\validation\validation-api\2.0.1.Final\validation-api-2.0.1.Final.jar;D:\develop\maven\repository\org\jboss\logging\jboss-logging\3.3.3.Final\jboss-logging-3.3.3.Final.jar;D:\develop\maven\repository\org\springframework\spring-web\5.1.13.RELEASE\spring-web-5.1.13.RELEASE.jar;D:\develop\maven\repository\org\springframework\spring-webmvc\5.1.13.RELEASE\spring-webmvc-5.1.13.RELEASE.jar;D:\develop\maven\repository\org\springframework\spring-aop\5.1.13.RELEASE\spring-aop-5.1.13.RELEASE.jar;D:\develop\maven\repository\org\springframework\spring-expression\5.1.13.RELEASE\spring-expression-5.1.13.RELEASE.jar;D:\develop\maven\repository\com\baomidou\mybatis-plus-boot-starter\3.3.0\mybatis-plus-boot-starter-3.3.0.jar;D:\develop\maven\repository\com\baomidou\mybatis-plus\3.3.0\mybatis-plus-3.3.0.jar;D:\develop\maven\repository\org\springframework\boot\spring-boot-autoconfigure\2.1.12.RELEASE\spring-boot-autoconfigure-2.1.12.RELEASE.jar;D:\develop\maven\repository\org\springframework\boot\spring-boot-starter-jdbc\2.1.12.RELEASE\spring-boot-starter-jdbc-2.1.12.RELEASE.jar;D:\develop\maven\repository\com\zaxxer\HikariCP\3.2.0\HikariCP-3.2.0.jar;D:\develop\maven\repository\org\springframework\spring-jdbc\5.1.13.RELEASE\spring-jdbc-5.1.13.RELEASE.jar;D:\develop\maven\repository\org\springframework\spring-tx\5.1.13.RELEASE\spring-tx-5.1.13.RELEASE.jar;D:\develop\maven\repository\mysql\mysql-connector-java\5.1.47\mysql-connector-java-5.1.47.jar;D:\develop\maven\repository\org\springframework\cloud\spring-cloud-starter-openfeign\2.1.5.RELEASE\spring-cloud-starter-openfeign-2.1.5.RELEASE.jar;D:\develop\maven\repository\org\springframework\cloud\spring-cloud-openfeign-core\2.1.5.RELEASE\spring-cloud-openfeign-core-2.1.5.RELEASE.jar;D:\develop\maven\repository\io\github\openfeign\form\feign-form-spring\3.8.0\feign-form-spring-3.8.0.jar;D:\develop\maven\repository\io\github\openfeign\form\feign-form\3.8.0\feign-form-3.8.0.jar;D:\develop\maven\repository\commons-fileupload\commons-fileupload\1.4\commons-fileupload-1.4.jar;D:\develop\maven\repository\commons-io\commons-io\2.2\commons-io-2.2.jar;D:\develop\maven\repository\org\springframework\cloud\spring-cloud-commons\2.1.5.RELEASE\spring-cloud-commons-2.1.5.RELEASE.jar;D:\develop\maven\repository\org\springframework\security\spring-security-crypto\5.1.7.RELEASE\spring-security-crypto-5.1.7.RELEASE.jar;D:\develop\maven\repository\io\github\openfeign\feign-core\10.4.0\feign-core-10.4.0.jar;D:\develop\maven\repository\io\github\openfeign\feign-slf4j\10.4.0\feign-slf4j-10.4.0.jar;D:\develop\maven\repository\io\github\openfeign\feign-hystrix\10.4.0\feign-hystrix-10.4.0.jar;D:\develop\maven\repository\com\netflix\hystrix\hystrix-core\1.5.18\hystrix-core-1.5.18.jar;D:\develop\maven\repository\org\hdrhistogram\HdrHistogram\2.1.9\HdrHistogram-2.1.9.jar;E:\mycode\demo3\Fisk.DMP.Project\fk-user\fk-user-api\target\app.jar;E:\mycode\demo3\Fisk.DMP.Project\fk-user\fk-user-pojo\target\app.jar;E:\mycode\demo3\Fisk.DMP.Project\fk-auth\fk-auth-pojo\target\app.jar;D:\develop\maven\repository\io\jsonwebtoken\jjwt-api\0.11.2\jjwt-api-0.11.2.jar;D:\develop\maven\repository\io\jsonwebtoken\jjwt-impl\0.11.2\jjwt-impl-0.11.2.jar;D:\develop\maven\repository\io\jsonwebtoken\jjwt-jackson\0.11.2\jjwt-jackson-0.11.2.jar;D:\develop\maven\repository\com\fasterxml\jackson\core\jackson-databind\2.9.10.2\jackson-databind-2.9.10.2.jar;D:\develop\maven\repository\joda-time\joda-time\2.10.5\joda-time-2.10.5.jar;D:\develop\maven\repository\org\springframework\boot\spring-boot-starter-data-redis\2.1.12.RELEASE\spring-boot-starter-data-redis-2.1.12.RELEASE.jar;D:\develop\maven\repository\org\springframework\data\spring-data-redis\2.1.15.RELEASE\spring-data-redis-2.1.15.RELEASE.jar;D:\develop\maven\repository\org\springframework\data\spring-data-keyvalue\2.1.15.RELEASE\spring-data-keyvalue-2.1.15.RELEASE.jar;D:\develop\maven\repository\org\springframework\data\spring-data-commons\2.1.15.RELEASE\spring-data-commons-2.1.15.RELEASE.jar;D:\develop\maven\repository\org\springframework\spring-oxm\5.1.13.RELEASE\spring-oxm-5.1.13.RELEASE.jar;D:\develop\maven\repository\org\springframework\spring-context-support\5.1.13.RELEASE\spring-context-support-5.1.13.RELEASE.jar;D:\develop\maven\repository\io\lettuce\lettuce-core\5.1.8.RELEASE\lettuce-core-5.1.8.RELEASE.jar;D:\develop\maven\repository\io\netty\netty-common\4.1.45.Final\netty-common-4.1.45.Final.jar;D:\develop\maven\repository\io\netty\netty-handler\4.1.45.Final\netty-handler-4.1.45.Final.jar;D:\develop\maven\repository\io\netty\netty-buffer\4.1.45.Final\netty-buffer-4.1.45.Final.jar;D:\develop\maven\repository\io\netty\netty-codec\4.1.45.Final\netty-codec-4.1.45.Final.jar;D:\develop\maven\repository\io\netty\netty-transport\4.1.45.Final\netty-transport-4.1.45.Final.jar;D:\develop\maven\repository\io\netty\netty-resolver\4.1.45.Final\netty-resolver-4.1.45.Final.jar;D:\develop\maven\repository\io\projectreactor\reactor-core\3.2.14.RELEASE\reactor-core-3.2.14.RELEASE.jar;D:\develop\maven\repository\org\reactivestreams\reactive-streams\1.0.3\reactive-streams-1.0.3.jar;E:\mycode\demo3\Fisk.DMP.Project\fk-common\target\app.jar;D:\develop\maven\repository\javax\servlet\javax.servlet-api\4.0.1\javax.servlet-api-4.0.1.jar;D:\develop\maven\repository\org\springframework\boot\spring-boot-starter-logging\2.1.12.RELEASE\spring-boot-starter-logging-2.1.12.RELEASE.jar;D:\develop\maven\repository\ch\qos\logback\logback-classic\1.2.3\logback-classic-1.2.3.jar;D:\develop\maven\repository\ch\qos\logback\logback-core\1.2.3\logback-core-1.2.3.jar;D:\develop\maven\repository\org\apache\logging\log4j\log4j-to-slf4j\2.11.2\log4j-to-slf4j-2.11.2.jar;D:\develop\maven\repository\org\apache\logging\log4j\log4j-api\2.11.2\log4j-api-2.11.2.jar;D:\develop\maven\repository\org\slf4j\jul-to-slf4j\1.7.30\jul-to-slf4j-1.7.30.jar;D:\develop\maven\repository\com\fasterxml\jackson\datatype\jackson-datatype-joda\2.9.10\jackson-datatype-joda-2.9.10.jar;D:\develop\maven\repository\org\springframework\spring-context\5.1.13.RELEASE\spring-context-5.1.13.RELEASE.jar;D:\develop\maven\repository\org\aspectj\aspectjweaver\1.9.5\aspectjweaver-1.9.5.jar;D:\develop\maven\repository\org\springframework\spring-beans\5.1.13.RELEASE\spring-beans-5.1.13.RELEASE.jar;D:\develop\maven\repository\com\baomidou\mybatis-plus-extension\3.3.0\mybatis-plus-extension-3.3.0.jar;D:\develop\maven\repository\com\baomidou\mybatis-plus-core\3.3.0\mybatis-plus-core-3.3.0.jar;D:\develop\maven\repository\com\baomidou\mybatis-plus-annotation\3.3.0\mybatis-plus-annotation-3.3.0.jar;D:\develop\maven\repository\com\github\jsqlparser\jsqlparser\3.1\jsqlparser-3.1.jar;D:\develop\maven\repository\org\mybatis\mybatis\3.5.3\mybatis-3.5.3.jar;D:\develop\maven\repository\org\mybatis\mybatis-spring\2.0.3\mybatis-spring-2.0.3.jar;D:\develop\maven\repository\org\apache\commons\commons-lang3\3.4\commons-lang3-3.4.jar;D:\develop\maven\repository\org\projectlombok\lombok\1.18.10\lombok-1.18.10.jar;D:\develop\maven\repository\org\springframework\boot\spring-boot-starter-test\2.1.12.RELEASE\spring-boot-starter-test-2.1.12.RELEASE.jar;D:\develop\maven\repository\org\springframework\boot\spring-boot-test\2.1.12.RELEASE\spring-boot-test-2.1.12.RELEASE.jar;D:\develop\maven\repository\org\springframework\boot\spring-boot-test-autoconfigure\2.1.12.RELEASE\spring-boot-test-autoconfigure-2.1.12.RELEASE.jar;D:\develop\maven\repository\com\jayway\jsonpath\json-path\2.4.0\json-path-2.4.0.jar;D:\develop\maven\repository\net\minidev\json-smart\2.3\json-smart-2.3.jar;D:\develop\maven\repository\net\minidev\accessors-smart\1.2\accessors-smart-1.2.jar;D:\develop\maven\repository\org\ow2\asm\asm\5.0.4\asm-5.0.4.jar;D:\develop\maven\repository\junit\junit\4.12\junit-4.12.jar;D:\develop\maven\repository\org\assertj\assertj-core\3.11.1\assertj-core-3.11.1.jar;D:\develop\maven\repository\org\mockito\mockito-core\2.23.4\mockito-core-2.23.4.jar;D:\develop\maven\repository\net\bytebuddy\byte-buddy\1.9.16\byte-buddy-1.9.16.jar;D:\develop\maven\repository\net\bytebuddy\byte-buddy-agent\1.9.16\byte-buddy-agent-1.9.16.jar;D:\develop\maven\repository\org\objenesis\objenesis\2.6\objenesis-2.6.jar;D:\develop\maven\repository\org\hamcrest\hamcrest-core\1.3\hamcrest-core-1.3.jar;D:\develop\maven\repository\org\hamcrest\hamcrest-library\1.3\hamcrest-library-1.3.jar;D:\develop\maven\repository\org\skyscreamer\jsonassert\1.5.0\jsonassert-1.5.0.jar;D:\develop\maven\repository\com\vaadin\external\google\android-json\0.0.20131108.vaadin1\android-json-0.0.20131108.vaadin1.jar;D:\develop\maven\repository\org\springframework\spring-core\5.1.13.RELEASE\spring-core-5.1.13.RELEASE.jar;D:\develop\maven\repository\org\springframework\spring-jcl\5.1.13.RELEASE\spring-jcl-5.1.13.RELEASE.jar;D:\develop\maven\repository\org\springframework\spring-test\5.1.13.RELEASE\spring-test-5.1.13.RELEASE.jar;D:\develop\maven\repository\org\xmlunit\xmlunit-core\2.6.3\xmlunit-core-2.6.3.jar;D:\develop\maven\repository\io\springfox\springfox-swagger2\2.9.2\springfox-swagger2-2.9.2.jar;D:\develop\maven\repository\io\swagger\swagger-annotations\1.5.20\swagger-annotations-1.5.20.jar;D:\develop\maven\repository\io\swagger\swagger-models\1.5.20\swagger-models-1.5.20.jar;D:\develop\maven\repository\io\springfox\springfox-spi\2.9.2\springfox-spi-2.9.2.jar;D:\develop\maven\repository\io\springfox\springfox-core\2.9.2\springfox-core-2.9.2.jar;D:\develop\maven\repository\io\springfox\springfox-schema\2.9.2\springfox-schema-2.9.2.jar;D:\develop\maven\repository\io\springfox\springfox-swagger-common\2.9.2\springfox-swagger-common-2.9.2.jar;D:\develop\maven\repository\io\springfox\springfox-spring-web\2.9.2\springfox-spring-web-2.9.2.jar;D:\develop\maven\repository\com\google\guava\guava\20.0\guava-20.0.jar;D:\develop\maven\repository\com\fasterxml\classmate\1.4.0\classmate-1.4.0.jar;D:\develop\maven\repository\org\slf4j\slf4j-api\1.7.30\slf4j-api-1.7.30.jar;D:\develop\maven\repository\org\springframework\plugin\spring-plugin-core\1.2.0.RELEASE\spring-plugin-core-1.2.0.RELEASE.jar;D:\develop\maven\repository\org\springframework\plugin\spring-plugin-metadata\1.2.0.RELEASE\spring-plugin-metadata-1.2.0.RELEASE.jar;D:\develop\maven\repository\io\springfox\springfox-swagger-ui\2.9.2\springfox-swagger-ui-2.9.2.jar;D:\develop\maven\repository\net\logstash\logback\logstash-logback-encoder\6.6\logstash-logback-encoder-6.6.jar;"/>
    <property name="java.vm.vendor" value="Oracle Corporation"/>
    <property name="sun.arch.data.model" value="64"/>
    <property name="user.variant" value=""/>
    <property name="java.vendor.url" value="http://java.oracle.com/"/>
    <property name="user.timezone" value="Asia/Shanghai"/>
    <property name="java.vm.specification.version" value="1.8"/>
    <property name="os.name" value="Windows 10"/>
    <property name="user.country" value="CN"/>
    <property name="sun.java.launcher" value="SUN_STANDARD"/>
    <property name="sun.boot.library.path" value="D:\develop\java\jdk1.8.0_201\jre\bin"/>
    <property name="sun.java.command" value="C:\Users\19198\AppData\Local\Temp\surefire749797730314417774\surefirebooter7810716070085957491.jar C:\Users\19198\AppData\Local\Temp\surefire749797730314417774 2021-05-31T10-18-43_600-jvmRun1 surefire5328150212175254378tmp surefire_14861933471751790681tmp"/>
    <property name="surefire.test.class.path" value="E:\mycode\demo3\Fisk.DMP.Project\fk-auth\fk-auth-service\target\test-classes;E:\mycode\demo3\Fisk.DMP.Project\fk-auth\fk-auth-service\target\classes;D:\develop\maven\repository\org\springframework\cloud\spring-cloud-starter-netflix-eureka-client\2.1.5.RELEASE\spring-cloud-starter-netflix-eureka-client-2.1.5.RELEASE.jar;D:\develop\maven\repository\org\springframework\cloud\spring-cloud-starter\2.1.5.RELEASE\spring-cloud-starter-2.1.5.RELEASE.jar;D:\develop\maven\repository\org\springframework\cloud\spring-cloud-context\2.1.5.RELEASE\spring-cloud-context-2.1.5.RELEASE.jar;D:\develop\maven\repository\org\springframework\security\spring-security-rsa\1.0.9.RELEASE\spring-security-rsa-1.0.9.RELEASE.jar;D:\develop\maven\repository\org\bouncycastle\bcpkix-jdk15on\1.64\bcpkix-jdk15on-1.64.jar;D:\develop\maven\repository\org\bouncycastle\bcprov-jdk15on\1.64\bcprov-jdk15on-1.64.jar;D:\develop\maven\repository\org\springframework\cloud\spring-cloud-netflix-hystrix\2.1.5.RELEASE\spring-cloud-netflix-hystrix-2.1.5.RELEASE.jar;D:\develop\maven\repository\org\springframework\boot\spring-boot-starter-aop\2.1.12.RELEASE\spring-boot-starter-aop-2.1.12.RELEASE.jar;D:\develop\maven\repository\org\springframework\cloud\spring-cloud-netflix-eureka-client\2.1.5.RELEASE\spring-cloud-netflix-eureka-client-2.1.5.RELEASE.jar;D:\develop\maven\repository\com\netflix\eureka\eureka-client\1.9.13\eureka-client-1.9.13.jar;D:\develop\maven\repository\org\codehaus\jettison\jettison\1.3.7\jettison-1.3.7.jar;D:\develop\maven\repository\stax\stax-api\1.0.1\stax-api-1.0.1.jar;D:\develop\maven\repository\com\netflix\netflix-commons\netflix-eventbus\0.3.0\netflix-eventbus-0.3.0.jar;D:\develop\maven\repository\com\netflix\netflix-commons\netflix-infix\0.3.0\netflix-infix-0.3.0.jar;D:\develop\maven\repository\commons-jxpath\commons-jxpath\1.3\commons-jxpath-1.3.jar;D:\develop\maven\repository\org\antlr\antlr-runtime\3.4\antlr-runtime-3.4.jar;D:\develop\maven\repository\org\antlr\stringtemplate\3.2.1\stringtemplate-3.2.1.jar;D:\develop\maven\repository\antlr\antlr\2.7.7\antlr-2.7.7.jar;D:\develop\maven\repository\com\google\code\gson\gson\2.8.6\gson-2.8.6.jar;D:\develop\maven\repository\org\apache\commons\commons-math\2.2\commons-math-2.2.jar;D:\develop\maven\repository\com\netflix\archaius\archaius-core\0.7.6\archaius-core-0.7.6.jar;D:\develop\maven\repository\javax\ws\rs\jsr311-api\1.1.1\jsr311-api-1.1.1.jar;D:\develop\maven\repository\com\netflix\servo\servo-core\0.12.21\servo-core-0.12.21.jar;D:\develop\maven\repository\com\sun\jersey\jersey-core\1.19.1\jersey-core-1.19.1.jar;D:\develop\maven\repository\com\sun\jersey\jersey-client\1.19.1\jersey-client-1.19.1.jar;D:\develop\maven\repository\com\sun\jersey\contribs\jersey-apache-client4\1.19.1\jersey-apache-client4-1.19.1.jar;D:\develop\maven\repository\org\apache\httpcomponents\httpclient\4.5.10\httpclient-4.5.10.jar;D:\develop\maven\repository\org\apache\httpcomponents\httpcore\4.4.13\httpcore-4.4.13.jar;D:\develop\maven\repository\commons-codec\commons-codec\1.11\commons-codec-1.11.jar;D:\develop\maven\repository\com\google\inject\guice\4.1.0\guice-4.1.0.jar;D:\develop\maven\repository\javax\inject\javax.inject\1\javax.inject-1.jar;D:\develop\maven\repository\aopalliance\aopalliance\1.0\aopalliance-1.0.jar;D:\develop\maven\repository\com\fasterxml\jackson\core\jackson-annotations\2.9.10\jackson-annotations-2.9.10.jar;D:\develop\maven\repository\com\fasterxml\jackson\core\jackson-core\2.9.10\jackson-core-2.9.10.jar;D:\develop\maven\repository\com\netflix\eureka\eureka-core\1.9.13\eureka-core-1.9.13.jar;D:\develop\maven\repository\com\fasterxml\woodstox\woodstox-core\5.0.3\woodstox-core-5.0.3.jar;D:\develop\maven\repository\org\codehaus\woodstox\stax2-api\3.1.4\stax2-api-3.1.4.jar;D:\develop\maven\repository\org\springframework\cloud\spring-cloud-starter-netflix-archaius\2.1.5.RELEASE\spring-cloud-starter-netflix-archaius-2.1.5.RELEASE.jar;D:\develop\maven\repository\org\springframework\cloud\spring-cloud-netflix-ribbon\2.1.5.RELEASE\spring-cloud-netflix-ribbon-2.1.5.RELEASE.jar;D:\develop\maven\repository\org\springframework\cloud\spring-cloud-netflix-archaius\2.1.5.RELEASE\spring-cloud-netflix-archaius-2.1.5.RELEASE.jar;D:\develop\maven\repository\commons-configuration\commons-configuration\1.8\commons-configuration-1.8.jar;D:\develop\maven\repository\commons-lang\commons-lang\2.6\commons-lang-2.6.jar;D:\develop\maven\repository\org\springframework\cloud\spring-cloud-starter-netflix-ribbon\2.1.5.RELEASE\spring-cloud-starter-netflix-ribbon-2.1.5.RELEASE.jar;D:\develop\maven\repository\com\netflix\ribbon\ribbon\2.3.0\ribbon-2.3.0.jar;D:\develop\maven\repository\com\netflix\ribbon\ribbon-transport\2.3.0\ribbon-transport-2.3.0.jar;D:\develop\maven\repository\io\reactivex\rxnetty-contexts\0.4.9\rxnetty-contexts-0.4.9.jar;D:\develop\maven\repository\io\reactivex\rxnetty-servo\0.4.9\rxnetty-servo-0.4.9.jar;D:\develop\maven\repository\io\reactivex\rxnetty\0.4.9\rxnetty-0.4.9.jar;D:\develop\maven\repository\com\netflix\ribbon\ribbon-core\2.3.0\ribbon-core-2.3.0.jar;D:\develop\maven\repository\com\netflix\ribbon\ribbon-httpclient\2.3.0\ribbon-httpclient-2.3.0.jar;D:\develop\maven\repository\commons-collections\commons-collections\3.2.2\commons-collections-3.2.2.jar;D:\develop\maven\repository\com\netflix\netflix-commons\netflix-commons-util\0.3.0\netflix-commons-util-0.3.0.jar;D:\develop\maven\repository\com\netflix\ribbon\ribbon-loadbalancer\2.3.0\ribbon-loadbalancer-2.3.0.jar;D:\develop\maven\repository\com\netflix\netflix-commons\netflix-statistics\0.1.1\netflix-statistics-0.1.1.jar;D:\develop\maven\repository\io\reactivex\rxjava\1.3.8\rxjava-1.3.8.jar;D:\develop\maven\repository\com\netflix\ribbon\ribbon-eureka\2.3.0\ribbon-eureka-2.3.0.jar;D:\develop\maven\repository\com\thoughtworks\xstream\xstream\1.4.11.1\xstream-1.4.11.1.jar;D:\develop\maven\repository\xmlpull\xmlpull\1.1.3.1\xmlpull-1.1.3.1.jar;D:\develop\maven\repository\xpp3\xpp3_min\1.1.4c\xpp3_min-1.1.4c.jar;D:\develop\maven\repository\org\springframework\boot\spring-boot-starter-web\2.1.12.RELEASE\spring-boot-starter-web-2.1.12.RELEASE.jar;D:\develop\maven\repository\org\springframework\boot\spring-boot-starter\2.1.12.RELEASE\spring-boot-starter-2.1.12.RELEASE.jar;D:\develop\maven\repository\org\springframework\boot\spring-boot\2.1.12.RELEASE\spring-boot-2.1.12.RELEASE.jar;D:\develop\maven\repository\javax\annotation\javax.annotation-api\1.3.2\javax.annotation-api-1.3.2.jar;D:\develop\maven\repository\org\yaml\snakeyaml\1.23\snakeyaml-1.23.jar;D:\develop\maven\repository\org\springframework\boot\spring-boot-starter-json\2.1.12.RELEASE\spring-boot-starter-json-2.1.12.RELEASE.jar;D:\develop\maven\repository\com\fasterxml\jackson\datatype\jackson-datatype-jdk8\2.9.10\jackson-datatype-jdk8-2.9.10.jar;D:\develop\maven\repository\com\fasterxml\jackson\datatype\jackson-datatype-jsr310\2.9.10\jackson-datatype-jsr310-2.9.10.jar;D:\develop\maven\repository\com\fasterxml\jackson\module\jackson-module-parameter-names\2.9.10\jackson-module-parameter-names-2.9.10.jar;D:\develop\maven\repository\org\springframework\boot\spring-boot-starter-tomcat\2.1.12.RELEASE\spring-boot-starter-tomcat-2.1.12.RELEASE.jar;D:\develop\maven\repository\org\apache\tomcat\embed\tomcat-embed-core\9.0.30\tomcat-embed-core-9.0.30.jar;D:\develop\maven\repository\org\apache\tomcat\embed\tomcat-embed-el\9.0.30\tomcat-embed-el-9.0.30.jar;D:\develop\maven\repository\org\apache\tomcat\embed\tomcat-embed-websocket\9.0.30\tomcat-embed-websocket-9.0.30.jar;D:\develop\maven\repository\org\hibernate\validator\hibernate-validator\6.0.18.Final\hibernate-validator-6.0.18.Final.jar;D:\develop\maven\repository\javax\validation\validation-api\2.0.1.Final\validation-api-2.0.1.Final.jar;D:\develop\maven\repository\org\jboss\logging\jboss-logging\3.3.3.Final\jboss-logging-3.3.3.Final.jar;D:\develop\maven\repository\org\springframework\spring-web\5.1.13.RELEASE\spring-web-5.1.13.RELEASE.jar;D:\develop\maven\repository\org\springframework\spring-webmvc\5.1.13.RELEASE\spring-webmvc-5.1.13.RELEASE.jar;D:\develop\maven\repository\org\springframework\spring-aop\5.1.13.RELEASE\spring-aop-5.1.13.RELEASE.jar;D:\develop\maven\repository\org\springframework\spring-expression\5.1.13.RELEASE\spring-expression-5.1.13.RELEASE.jar;D:\develop\maven\repository\com\baomidou\mybatis-plus-boot-starter\3.3.0\mybatis-plus-boot-starter-3.3.0.jar;D:\develop\maven\repository\com\baomidou\mybatis-plus\3.3.0\mybatis-plus-3.3.0.jar;D:\develop\maven\repository\org\springframework\boot\spring-boot-autoconfigure\2.1.12.RELEASE\spring-boot-autoconfigure-2.1.12.RELEASE.jar;D:\develop\maven\repository\org\springframework\boot\spring-boot-starter-jdbc\2.1.12.RELEASE\spring-boot-starter-jdbc-2.1.12.RELEASE.jar;D:\develop\maven\repository\com\zaxxer\HikariCP\3.2.0\HikariCP-3.2.0.jar;D:\develop\maven\repository\org\springframework\spring-jdbc\5.1.13.RELEASE\spring-jdbc-5.1.13.RELEASE.jar;D:\develop\maven\repository\org\springframework\spring-tx\5.1.13.RELEASE\spring-tx-5.1.13.RELEASE.jar;D:\develop\maven\repository\mysql\mysql-connector-java\5.1.47\mysql-connector-java-5.1.47.jar;D:\develop\maven\repository\org\springframework\cloud\spring-cloud-starter-openfeign\2.1.5.RELEASE\spring-cloud-starter-openfeign-2.1.5.RELEASE.jar;D:\develop\maven\repository\org\springframework\cloud\spring-cloud-openfeign-core\2.1.5.RELEASE\spring-cloud-openfeign-core-2.1.5.RELEASE.jar;D:\develop\maven\repository\io\github\openfeign\form\feign-form-spring\3.8.0\feign-form-spring-3.8.0.jar;D:\develop\maven\repository\io\github\openfeign\form\feign-form\3.8.0\feign-form-3.8.0.jar;D:\develop\maven\repository\commons-fileupload\commons-fileupload\1.4\commons-fileupload-1.4.jar;D:\develop\maven\repository\commons-io\commons-io\2.2\commons-io-2.2.jar;D:\develop\maven\repository\org\springframework\cloud\spring-cloud-commons\2.1.5.RELEASE\spring-cloud-commons-2.1.5.RELEASE.jar;D:\develop\maven\repository\org\springframework\security\spring-security-crypto\5.1.7.RELEASE\spring-security-crypto-5.1.7.RELEASE.jar;D:\develop\maven\repository\io\github\openfeign\feign-core\10.4.0\feign-core-10.4.0.jar;D:\develop\maven\repository\io\github\openfeign\feign-slf4j\10.4.0\feign-slf4j-10.4.0.jar;D:\develop\maven\repository\io\github\openfeign\feign-hystrix\10.4.0\feign-hystrix-10.4.0.jar;D:\develop\maven\repository\com\netflix\hystrix\hystrix-core\1.5.18\hystrix-core-1.5.18.jar;D:\develop\maven\repository\org\hdrhistogram\HdrHistogram\2.1.9\HdrHistogram-2.1.9.jar;E:\mycode\demo3\Fisk.DMP.Project\fk-user\fk-user-api\target\app.jar;E:\mycode\demo3\Fisk.DMP.Project\fk-user\fk-user-pojo\target\app.jar;E:\mycode\demo3\Fisk.DMP.Project\fk-auth\fk-auth-pojo\target\app.jar;D:\develop\maven\repository\io\jsonwebtoken\jjwt-api\0.11.2\jjwt-api-0.11.2.jar;D:\develop\maven\repository\io\jsonwebtoken\jjwt-impl\0.11.2\jjwt-impl-0.11.2.jar;D:\develop\maven\repository\io\jsonwebtoken\jjwt-jackson\0.11.2\jjwt-jackson-0.11.2.jar;D:\develop\maven\repository\com\fasterxml\jackson\core\jackson-databind\2.9.10.2\jackson-databind-2.9.10.2.jar;D:\develop\maven\repository\joda-time\joda-time\2.10.5\joda-time-2.10.5.jar;D:\develop\maven\repository\org\springframework\boot\spring-boot-starter-data-redis\2.1.12.RELEASE\spring-boot-starter-data-redis-2.1.12.RELEASE.jar;D:\develop\maven\repository\org\springframework\data\spring-data-redis\2.1.15.RELEASE\spring-data-redis-2.1.15.RELEASE.jar;D:\develop\maven\repository\org\springframework\data\spring-data-keyvalue\2.1.15.RELEASE\spring-data-keyvalue-2.1.15.RELEASE.jar;D:\develop\maven\repository\org\springframework\data\spring-data-commons\2.1.15.RELEASE\spring-data-commons-2.1.15.RELEASE.jar;D:\develop\maven\repository\org\springframework\spring-oxm\5.1.13.RELEASE\spring-oxm-5.1.13.RELEASE.jar;D:\develop\maven\repository\org\springframework\spring-context-support\5.1.13.RELEASE\spring-context-support-5.1.13.RELEASE.jar;D:\develop\maven\repository\io\lettuce\lettuce-core\5.1.8.RELEASE\lettuce-core-5.1.8.RELEASE.jar;D:\develop\maven\repository\io\netty\netty-common\4.1.45.Final\netty-common-4.1.45.Final.jar;D:\develop\maven\repository\io\netty\netty-handler\4.1.45.Final\netty-handler-4.1.45.Final.jar;D:\develop\maven\repository\io\netty\netty-buffer\4.1.45.Final\netty-buffer-4.1.45.Final.jar;D:\develop\maven\repository\io\netty\netty-codec\4.1.45.Final\netty-codec-4.1.45.Final.jar;D:\develop\maven\repository\io\netty\netty-transport\4.1.45.Final\netty-transport-4.1.45.Final.jar;D:\develop\maven\repository\io\netty\netty-resolver\4.1.45.Final\netty-resolver-4.1.45.Final.jar;D:\develop\maven\repository\io\projectreactor\reactor-core\3.2.14.RELEASE\reactor-core-3.2.14.RELEASE.jar;D:\develop\maven\repository\org\reactivestreams\reactive-streams\1.0.3\reactive-streams-1.0.3.jar;E:\mycode\demo3\Fisk.DMP.Project\fk-common\target\app.jar;D:\develop\maven\repository\javax\servlet\javax.servlet-api\4.0.1\javax.servlet-api-4.0.1.jar;D:\develop\maven\repository\org\springframework\boot\spring-boot-starter-logging\2.1.12.RELEASE\spring-boot-starter-logging-2.1.12.RELEASE.jar;D:\develop\maven\repository\ch\qos\logback\logback-classic\1.2.3\logback-classic-1.2.3.jar;D:\develop\maven\repository\ch\qos\logback\logback-core\1.2.3\logback-core-1.2.3.jar;D:\develop\maven\repository\org\apache\logging\log4j\log4j-to-slf4j\2.11.2\log4j-to-slf4j-2.11.2.jar;D:\develop\maven\repository\org\apache\logging\log4j\log4j-api\2.11.2\log4j-api-2.11.2.jar;D:\develop\maven\repository\org\slf4j\jul-to-slf4j\1.7.30\jul-to-slf4j-1.7.30.jar;D:\develop\maven\repository\com\fasterxml\jackson\datatype\jackson-datatype-joda\2.9.10\jackson-datatype-joda-2.9.10.jar;D:\develop\maven\repository\org\springframework\spring-context\5.1.13.RELEASE\spring-context-5.1.13.RELEASE.jar;D:\develop\maven\repository\org\aspectj\aspectjweaver\1.9.5\aspectjweaver-1.9.5.jar;D:\develop\maven\repository\org\springframework\spring-beans\5.1.13.RELEASE\spring-beans-5.1.13.RELEASE.jar;D:\develop\maven\repository\com\baomidou\mybatis-plus-extension\3.3.0\mybatis-plus-extension-3.3.0.jar;D:\develop\maven\repository\com\baomidou\mybatis-plus-core\3.3.0\mybatis-plus-core-3.3.0.jar;D:\develop\maven\repository\com\baomidou\mybatis-plus-annotation\3.3.0\mybatis-plus-annotation-3.3.0.jar;D:\develop\maven\repository\com\github\jsqlparser\jsqlparser\3.1\jsqlparser-3.1.jar;D:\develop\maven\repository\org\mybatis\mybatis\3.5.3\mybatis-3.5.3.jar;D:\develop\maven\repository\org\mybatis\mybatis-spring\2.0.3\mybatis-spring-2.0.3.jar;D:\develop\maven\repository\org\apache\commons\commons-lang3\3.4\commons-lang3-3.4.jar;D:\develop\maven\repository\org\projectlombok\lombok\1.18.10\lombok-1.18.10.jar;D:\develop\maven\repository\org\springframework\boot\spring-boot-starter-test\2.1.12.RELEASE\spring-boot-starter-test-2.1.12.RELEASE.jar;D:\develop\maven\repository\org\springframework\boot\spring-boot-test\2.1.12.RELEASE\spring-boot-test-2.1.12.RELEASE.jar;D:\develop\maven\repository\org\springframework\boot\spring-boot-test-autoconfigure\2.1.12.RELEASE\spring-boot-test-autoconfigure-2.1.12.RELEASE.jar;D:\develop\maven\repository\com\jayway\jsonpath\json-path\2.4.0\json-path-2.4.0.jar;D:\develop\maven\repository\net\minidev\json-smart\2.3\json-smart-2.3.jar;D:\develop\maven\repository\net\minidev\accessors-smart\1.2\accessors-smart-1.2.jar;D:\develop\maven\repository\org\ow2\asm\asm\5.0.4\asm-5.0.4.jar;D:\develop\maven\repository\junit\junit\4.12\junit-4.12.jar;D:\develop\maven\repository\org\assertj\assertj-core\3.11.1\assertj-core-3.11.1.jar;D:\develop\maven\repository\org\mockito\mockito-core\2.23.4\mockito-core-2.23.4.jar;D:\develop\maven\repository\net\bytebuddy\byte-buddy\1.9.16\byte-buddy-1.9.16.jar;D:\develop\maven\repository\net\bytebuddy\byte-buddy-agent\1.9.16\byte-buddy-agent-1.9.16.jar;D:\develop\maven\repository\org\objenesis\objenesis\2.6\objenesis-2.6.jar;D:\develop\maven\repository\org\hamcrest\hamcrest-core\1.3\hamcrest-core-1.3.jar;D:\develop\maven\repository\org\hamcrest\hamcrest-library\1.3\hamcrest-library-1.3.jar;D:\develop\maven\repository\org\skyscreamer\jsonassert\1.5.0\jsonassert-1.5.0.jar;D:\develop\maven\repository\com\vaadin\external\google\android-json\0.0.20131108.vaadin1\android-json-0.0.20131108.vaadin1.jar;D:\develop\maven\repository\org\springframework\spring-core\5.1.13.RELEASE\spring-core-5.1.13.RELEASE.jar;D:\develop\maven\repository\org\springframework\spring-jcl\5.1.13.RELEASE\spring-jcl-5.1.13.RELEASE.jar;D:\develop\maven\repository\org\springframework\spring-test\5.1.13.RELEASE\spring-test-5.1.13.RELEASE.jar;D:\develop\maven\repository\org\xmlunit\xmlunit-core\2.6.3\xmlunit-core-2.6.3.jar;D:\develop\maven\repository\io\springfox\springfox-swagger2\2.9.2\springfox-swagger2-2.9.2.jar;D:\develop\maven\repository\io\swagger\swagger-annotations\1.5.20\swagger-annotations-1.5.20.jar;D:\develop\maven\repository\io\swagger\swagger-models\1.5.20\swagger-models-1.5.20.jar;D:\develop\maven\repository\io\springfox\springfox-spi\2.9.2\springfox-spi-2.9.2.jar;D:\develop\maven\repository\io\springfox\springfox-core\2.9.2\springfox-core-2.9.2.jar;D:\develop\maven\repository\io\springfox\springfox-schema\2.9.2\springfox-schema-2.9.2.jar;D:\develop\maven\repository\io\springfox\springfox-swagger-common\2.9.2\springfox-swagger-common-2.9.2.jar;D:\develop\maven\repository\io\springfox\springfox-spring-web\2.9.2\springfox-spring-web-2.9.2.jar;D:\develop\maven\repository\com\google\guava\guava\20.0\guava-20.0.jar;D:\develop\maven\repository\com\fasterxml\classmate\1.4.0\classmate-1.4.0.jar;D:\develop\maven\repository\org\slf4j\slf4j-api\1.7.30\slf4j-api-1.7.30.jar;D:\develop\maven\repository\org\springframework\plugin\spring-plugin-core\1.2.0.RELEASE\spring-plugin-core-1.2.0.RELEASE.jar;D:\develop\maven\repository\org\springframework\plugin\spring-plugin-metadata\1.2.0.RELEASE\spring-plugin-metadata-1.2.0.RELEASE.jar;D:\develop\maven\repository\io\springfox\springfox-swagger-ui\2.9.2\springfox-swagger-ui-2.9.2.jar;D:\develop\maven\repository\net\logstash\logback\logstash-logback-encoder\6.6\logstash-logback-encoder-6.6.jar;"/>
    <property name="sun.cpu.endian" value="little"/>
    <property name="user.home" value="C:\Users\19198"/>
    <property name="user.language" value="zh"/>
    <property name="java.specification.vendor" value="Oracle Corporation"/>
    <property name="java.home" value="D:\develop\java\jdk1.8.0_201\jre"/>
    <property name="basedir" value="E:\mycode\demo3\Fisk.DMP.Project\fk-auth\fk-auth-service"/>
    <property name="file.separator" value="\"/>
    <property name="line.separator" value="&#10;"/>
    <property name="java.vm.specification.vendor" value="Oracle Corporation"/>
    <property name="java.specification.name" value="Java Platform API Specification"/>
    <property name="java.awt.graphicsenv" value="sun.awt.Win32GraphicsEnvironment"/>
    <property name="surefire.real.class.path" value="C:\Users\19198\AppData\Local\Temp\surefire749797730314417774\surefirebooter7810716070085957491.jar"/>
    <property name="sun.boot.class.path" value="D:\develop\java\jdk1.8.0_201\jre\lib\resources.jar;D:\develop\java\jdk1.8.0_201\jre\lib\rt.jar;D:\develop\java\jdk1.8.0_201\jre\lib\sunrsasign.jar;D:\develop\java\jdk1.8.0_201\jre\lib\jsse.jar;D:\develop\java\jdk1.8.0_201\jre\lib\jce.jar;D:\develop\java\jdk1.8.0_201\jre\lib\charsets.jar;D:\develop\java\jdk1.8.0_201\jre\lib\jfr.jar;D:\develop\java\jdk1.8.0_201\jre\classes"/>
    <property name="user.script" value=""/>
    <property name="sun.management.compiler" value="HotSpot 64-Bit Tiered Compilers"/>
    <property name="java.runtime.version" value="1.8.0_201-b09"/>
    <property name="user.name" value="yoyo"/>
    <property name="path.separator" value=";"/>
    <property name="os.version" value="10.0"/>
    <property name="java.endorsed.dirs" value="D:\develop\java\jdk1.8.0_201\jre\lib\endorsed"/>
    <property name="java.runtime.name" value="Java(TM) SE Runtime Environment"/>
    <property name="file.encoding" value="GBK"/>
    <property name="java.vm.name" value="Java HotSpot(TM) 64-Bit Server VM"/>
    <property name="localRepository" value="D:\develop\maven\repository"/>
    <property name="java.vendor.url.bug" value="http://bugreport.sun.com/bugreport/"/>
    <property name="java.io.tmpdir" value="C:\Users\19198\AppData\Local\Temp\"/>
    <property name="idea.version" value="2018.2.8"/>
    <property name="java.version" value="1.8.0_201"/>
    <property name="user.dir" value="E:\mycode\demo3\Fisk.DMP.Project\fk-auth\fk-auth-service"/>
    <property name="os.arch" value="amd64"/>
    <property name="java.vm.specification.name" value="Java Virtual Machine Specification"/>
    <property name="java.awt.printerjob" value="sun.awt.windows.WPrinterJob"/>
    <property name="sun.os.patch.level" value=""/>
    <property name="java.library.path" value="D:\develop\java\jdk1.8.0_201\jre\bin;C:\Windows\Sun\Java\bin;C:\Windows\system32;C:\Windows;D:\develop\java\jdk1.8.0_201\bin;D:\develop\apache-maven-3.5.4\bin;C:\Program Files (x86)\Common Files\Oracle\Java\javapath;C:\Windows\system32;C:\Windows;C:\Windows\System32\Wbem;C:\Windows\System32\WindowsPowerShell\v1.0\;C:\Windows\System32\OpenSSH\;D:\develop\MySQL\MySQL Server 5.6\bin;D:\develop\nodejs\;D:\develop\Microsoft VS Code\bin;D:\develop\Software\Git\cmd;D:\develop\Software\TortoiseGit\bin;C:\Users\19198\AppData\Local\Microsoft\WindowsApps;D:\office\Bandizip\;C:\Users\19198\AppData\Roaming\npm;."/>
    <property name="java.vm.info" value="mixed mode"/>
    <property name="java.vendor" value="Oracle Corporation"/>
    <property name="java.vm.version" value="25.201-b09"/>
    <property name="java.ext.dirs" value="D:\develop\java\jdk1.8.0_201\jre\lib\ext;C:\Windows\Sun\Java\lib\ext"/>
    <property name="sun.io.unicode.encoding" value="UnicodeLittle"/>
    <property name="maven.repo.local" value="D:\develop\maven\repository"/>
    <property name="java.class.version" value="52.0"/>
  </properties>
  <testcase name="test" classname="com.fisk.auth.test.JwtTest" time="2.426"/>
</testsuite>